2021-09-23 21:45:32 [main] INFO  com.example.demo.DemoApplication - Starting DemoApplication using Java 1.8.0_261 on LAPTOP-DU3M7H5R with PID 9232 (C:\Users\JAYANTA GHOSH\Desktop\myLoggerApp\demo\target\classes started by JAYANTA GHOSH in C:\Users\JAYANTA GHOSH\Desktop\myLoggerApp\demo)
2021-09-23 21:45:32 [main] INFO  com.example.demo.DemoApplication - The following profiles are active: dev
2021-09-23 21:45:33 [main] INFO  o.s.b.w.e.tomcat.TomcatWebServer - Tomcat initialized with port(s): 9596 (http)
2021-09-23 21:45:33 [main] INFO  o.a.catalina.core.StandardService - Starting service [Tomcat]
2021-09-23 21:45:33 [main] INFO  o.a.catalina.core.StandardEngine - Starting Servlet engine: [Apache Tomcat/9.0.53]
2021-09-23 21:45:33 [main] INFO  o.a.c.c.C.[Tomcat].[localhost].[/] - Initializing Spring embedded WebApplicationContext
2021-09-23 21:45:33 [main] INFO  o.s.b.w.s.c.ServletWebServerApplicationContext - Root WebApplicationContext: initialization completed in 1386 ms
2021-09-23 21:45:33 [main] INFO  o.s.b.w.e.tomcat.TomcatWebServer - Tomcat started on port(s): 9596 (http) with context path ''
2021-09-23 21:45:34 [main] INFO  com.example.demo.DemoApplication - Started DemoApplication in 2.541 seconds (JVM running for 3.526)
2021-09-23 21:45:55 [http-nio-9596-exec-1] INFO  o.a.c.c.C.[Tomcat].[localhost].[/] - Initializing Spring DispatcherServlet 'dispatcherServlet'
2021-09-23 21:45:55 [http-nio-9596-exec-1] INFO  o.s.web.servlet.DispatcherServlet - Initializing Servlet 'dispatcherServlet'
2021-09-23 21:45:55 [http-nio-9596-exec-1] INFO  o.s.web.servlet.DispatcherServlet - Completed initialization in 1 ms
2021-09-23 21:45:55 [http-nio-9596-exec-1] INFO  com.example.demo.AOP.MyLoggerAspect - Method Started :: ************************************
2021-09-23 21:45:55 [http-nio-9596-exec-1] INFO  com.example.demo.AOP.MyLoggerAspect - Method End :: ************************************
2021-09-23 21:45:55 [http-nio-9596-exec-1] INFO  com.example.demo.AOP.MyLoggerAspect - Time Taken :: *******************-2*****************
2021-09-23 21:47:10 [RMI TCP Connection(11)-127.0.0.1] INFO  o.s.b.a.SpringApplicationAdminMXBeanRegistrar$SpringApplicationAdmin - Application shutdown requested.
2021-09-23 21:47:15 [main] INFO  com.example.demo.DemoApplication - Starting DemoApplication using Java 1.8.0_261 on LAPTOP-DU3M7H5R with PID 5468 (C:\Users\JAYANTA GHOSH\Desktop\myLoggerApp\demo\target\classes started by JAYANTA GHOSH in C:\Users\JAYANTA GHOSH\Desktop\myLoggerApp\demo)
2021-09-23 21:47:15 [main] INFO  com.example.demo.DemoApplication - The following profiles are active: dev
2021-09-23 21:47:16 [main] INFO  o.s.b.w.e.tomcat.TomcatWebServer - Tomcat initialized with port(s): 9596 (http)
2021-09-23 21:47:16 [main] INFO  o.a.catalina.core.StandardService - Starting service [Tomcat]
2021-09-23 21:47:16 [main] INFO  o.a.catalina.core.StandardEngine - Starting Servlet engine: [Apache Tomcat/9.0.53]
2021-09-23 21:47:16 [main] INFO  o.a.c.c.C.[Tomcat].[localhost].[/] - Initializing Spring embedded WebApplicationContext
2021-09-23 21:47:16 [main] INFO  o.s.b.w.s.c.ServletWebServerApplicationContext - Root WebApplicationContext: initialization completed in 1098 ms
2021-09-23 21:47:17 [main] INFO  o.s.b.w.e.tomcat.TomcatWebServer - Tomcat started on port(s): 9596 (http) with context path ''
2021-09-23 21:47:17 [main] INFO  com.example.demo.DemoApplication - Started DemoApplication in 2.098 seconds (JVM running for 2.899)
2021-09-23 21:47:24 [http-nio-9596-exec-1] INFO  o.a.c.c.C.[Tomcat].[localhost].[/] - Initializing Spring DispatcherServlet 'dispatcherServlet'
2021-09-23 21:47:24 [http-nio-9596-exec-1] INFO  o.s.web.servlet.DispatcherServlet - Initializing Servlet 'dispatcherServlet'
2021-09-23 21:47:24 [http-nio-9596-exec-1] INFO  o.s.web.servlet.DispatcherServlet - Completed initialization in 2 ms
2021-09-23 21:47:24 [http-nio-9596-exec-1] INFO  com.example.demo.AOP.MyLoggerAspect - Method Started :: ************************************
2021-09-23 21:47:24 [http-nio-9596-exec-1] INFO  com.example.demo.AOP.MyLoggerAspect - Method End :: ************************************
2021-09-23 21:47:24 [http-nio-9596-exec-1] INFO  com.example.demo.AOP.MyLoggerAspect - Time Taken :: *******************-1*****************
2021-09-23 21:47:43 [RMI TCP Connection(6)-127.0.0.1] INFO  o.s.b.a.SpringApplicationAdminMXBeanRegistrar$SpringApplicationAdmin - Application shutdown requested.
